// 重构日志: 5b52d783
// 重构日志: 7d2bf2bf
// 同步 ID: 43113e0b @ Tue Jul  7 14:50:17 UTC 2026
// 同步 ID: 6dfaf26a @ Wed Jul  8 06:19:06 UTC 2026
// 重构日志: 2cf65e0a
// 同步 ID: 1a310231 @ Fri Jul 10 16:59:59 UTC 2026
// 同步 ID: 24342acb @ Sat Jul 11 07:48:16 UTC 2026
// 同步 ID: 90a0afbe @ Sat Jul 11 13:26:26 UTC 2026
// 同步 ID: 68452a54 @ Sat Jul 11 16:07:17 UTC 2026
// 重构日志: 29ed83bb
// 同步 ID: dba0acf0 @ Sun Jul 12 15:39:13 UTC 2026
// 重构日志: 725dae82
// 重构日志: b587e049
// 重构日志: 9da61a93
// 重构日志: eb33e7bf
// 同步 ID: 6607f8cd @ Wed Jul 15 10:58:14 UTC 2026
// 同步 ID: f28398b6 @ Thu Jul 16 17:57:03 UTC 2026
// 重构日志: 9c251cfb
// 重构日志: fa4944eb
// 重构日志: 96ca9eb0
// 重构日志: d6a41008
// 重构日志: 2fb41109
// 重构日志: b681755d
// 重构日志: f3b5be5b
// 重构日志: 2dfa5c17
// 重构日志: 4c709388
// 重构日志: b47d9746
// 同步 ID: 6c264b98 @ Sun Jul 19 16:15:13 UTC 2026
// 重构日志: d1e8e19b
// 同步 ID: 195f82bc @ Tue Jul 21 15:49:40 UTC 2026
// 重构日志: 0ed2aaa8
// 重构日志: 5b4b4df2
